# JRE version: Java(TM) SE Runtime Environment (8.0_191-b12) (build 1.8.0_191-b12)
# Java VM: Java HotSpot(TM) 64-Bit Server VM (25.191-b12 mixed mode windows-amd64 compressed oops)
Heap:
 PSYoungGen      total 531968K, used 104419K [0x000000076b600000, 0x000000078cc00000, 0x00000007c0000000)
  eden space 518656K, 19% used [0x000000076b600000,0x0000000771ad0e58,0x000000078b080000)
  from space 13312K, 8% used [0x000000078b080000,0x000000078b1a8000,0x000000078bd80000)
  to   space 11776K, 0% used [0x000000078bd80000,0x000000078bd80000,0x000000078c900000)
 ParOldGen       total 173568K, used 8913K [0x00000006c2200000, 0x00000006ccb80000, 0x000000076b600000)
  object space 173568K, 5% used [0x00000006c2200000,0x00000006c2ab4590,0x00000006ccb80000)
 Metaspace       used 6281K, capacity 6492K, committed 6784K, reserved 1056768K
  class space    used 701K, capacity 772K, committed 896K, reserved 1048576K
GC Heap History (10 events):
Event: 1.864 GC heap before
{Heap before GC invocations=9 (full 0):
 PSYoungGen      total 530432K, used 519232K [0x000000076b600000, 0x000000078cc00000, 0x00000007c0000000)
  eden space 518656K, 100% used [0x000000076b600000,0x000000078b080000,0x000000078b080000)
  from space 11776K, 4% used [0x000000078bd80000,0x000000078be10000,0x000000078c900000)
  to   space 13312K, 0% used [0x000000078b080000,0x000000078b080000,0x000000078bd80000)
 ParOldGen       total 173568K, used 8841K [0x00000006c2200000, 0x00000006ccb80000, 0x000000076b600000)
  object space 173568K, 5% used [0x00000006c2200000,0x00000006c2aa2590,0x00000006ccb80000)
 Metaspace       used 6251K, capacity 6492K, committed 6784K, reserved 1056768K
  class space    used 701K, capacity 772K, committed 896K, reserved 1048576K
Event: 1.866 GC heap after
Heap after GC invocations=9 (full 0):
 PSYoungGen      total 531968K, used 1600K [0x000000076b600000, 0x000000078cc00000, 0x00000007c0000000)
  eden space 518656K, 0% used [0x000000076b600000,0x000000076b600000,0x000000078b080000)
  from space 13312K, 12% used [0x000000078b080000,0x000000078b210000,0x000000078bd80000)
  to   space 11776K, 0% used [0x000000078bd80000,0x000000078bd80000,0x000000078c900000)
 ParOldGen       total 173568K, used 8865K [0x00000006c2200000, 0x00000006ccb80000, 0x000000076b600000)
  object space 173568K, 5% used [0x00000006c2200000,0x00000006c2aa8590,0x00000006ccb80000)
 Metaspace       used 6251K, capacity 6492K, committed 6784K, reserved 1056768K
  class space    used 701K, capacity 772K, committed 896K, reserved 1048576K
}
Event: 2.109 GC heap before
{Heap before GC invocations=10 (full 0):
 PSYoungGen      total 531968K, used 520256K [0x000000076b600000, 0x000000078cc00000, 0x00000007c0000000)
  eden space 518656K, 100% used [0x000000076b600000,0x000000078b080000,0x000000078b080000)
  from space 13312K, 12% used [0x000000078b080000,0x000000078b210000,0x000000078bd80000)
  to   space 11776K, 0% used [0x000000078bd80000,0x000000078bd80000,0x000000078c900000)
 ParOldGen       total 173568K, used 8865K [0x00000006c2200000, 0x00000006ccb80000, 0x000000076b600000)
  object space 173568K, 5% used [0x00000006c2200000,0x00000006c2aa8590,0x00000006ccb80000)
 Metaspace       used 6263K, capacity 6492K, committed 6784K, reserved 1056768K
  class space    used 701K, capacity 772K, committed 896K, reserved 1048576K
Event: 2.111 GC heap after
Heap after GC invocations=10 (full 0):
 PSYoungGen      total 530432K, used 1472K [0x000000076b600000, 0x000000078cc00000, 0x00000007c0000000)
  eden space 518656K, 0% used [0x000000076b600000,0x000000076b600000,0x000000078b080000)
  from space 11776K, 12% used [0x000000078bd80000,0x000000078bef0000,0x000000078c900000)
  to   space 13312K, 0% used [0x000000078b080000,0x000000078b080000,0x000000078bd80000)
 ParOldGen       total 173568K, used 8889K [0x00000006c2200000, 0x00000006ccb80000, 0x000000076b600000)
  object space 173568K, 5% used [0x00000006c2200000,0x00000006c2aae590,0x00000006ccb80000)
 Metaspace       used 6263K, capacity 6492K, committed 6784K, reserved 1056768K
  class space    used 701K, capacity 772K, committed 896K, reserved 1048576K
}
Event: 2.359 GC heap before
{Heap before GC invocations=11 (full 0):
 PSYoungGen      total 530432K, used 520128K [0x000000076b600000, 0x000000078cc00000, 0x00000007c0000000)
  eden space 518656K, 100% used [0x000000076b600000,0x000000078b080000,0x000000078b080000)
  from space 11776K, 12% used [0x000000078bd80000,0x000000078bef0000,0x000000078c900000)
  to   space 13312K, 0% used [0x000000078b080000,0x000000078b080000,0x000000078bd80000)
 ParOldGen       total 173568K, used 8889K [0x00000006c2200000, 0x00000006ccb80000, 0x000000076b600000)
  object space 173568K, 5% used [0x00000006c2200000,0x00000006c2aae590,0x00000006ccb80000)
 Metaspace       used 6264K, capacity 6492K, committed 6784K, reserved 1056768K
  class space    used 701K, capacity 772K, committed 896K, reserved 1048576K
Event: 2.360 GC heap after
Heap after GC invocations=11 (full 0):
 PSYoungGen      total 531968K, used 1376K [0x000000076b600000, 0x000000078cc00000, 0x00000007c0000000)
  eden space 518656K, 0% used [0x000000076b600000,0x000000076b600000,0x000000078b080000)
  from space 13312K, 10% used [0x000000078b080000,0x000000078b1d8000,0x000000078bd80000)
  to   space 11776K, 0% used [0x000000078bd80000,0x000000078bd80000,0x000000078c900000)
 ParOldGen       total 173568K, used 8897K [0x00000006c2200000, 0x00000006ccb80000, 0x000000076b600000)
  object space 173568K, 5% used [0x00000006c2200000,0x00000006c2ab0590,0x00000006ccb80000)
 Metaspace       used 6264K, capacity 6492K, committed 6784K, reserved 1056768K
  class space    used 701K, capacity 772K, committed 896K, reserved 1048576K
}
Event: 2.613 GC heap before
{Heap before GC invocations=12 (full 0):
 PSYoungGen      total 531968K, used 520032K [0x000000076b600000, 0x000000078cc00000, 0x00000007c0000000)
  eden space 518656K, 100% used [0x000000076b600000,0x000000078b080000,0x000000078b080000)
  from space 13312K, 10% used [0x000000078b080000,0x000000078b1d8000,0x000000078bd80000)
  to   space 11776K, 0% used [0x000000078bd80000,0x000000078bd80000,0x000000078c900000)
 ParOldGen       total 173568K, used 8897K [0x00000006c2200000, 0x00000006ccb80000, 0x000000076b600000)
  object space 173568K, 5% used [0x00000006c2200000,0x00000006c2ab0590,0x00000006ccb80000)
 Metaspace       used 6271K, capacity 6492K, committed 6784K, reserved 1056768K
  class space    used 701K, capacity 772K, committed 896K, reserved 1048576K
Event: 2.614 GC heap after
Heap after GC invocations=12 (full 0):
 PSYoungGen      total 530432K, used 1344K [0x000000076b600000, 0x000000078cc00000, 0x00000007c0000000)
  eden space 518656K, 0% used [0x000000076b600000,0x000000076b600000,0x000000078b080000)
  from space 11776K, 11% used [0x000000078bd80000,0x000000078bed0000,0x000000078c900000)
  to   space 13312K, 0% used [0x000000078b080000,0x000000078b080000,0x000000078bd80000)
 ParOldGen       total 173568K, used 8897K [0x00000006c2200000, 0x00000006ccb80000, 0x000000076b600000)
  object space 173568K, 5% used [0x00000006c2200000,0x00000006c2ab0590,0x00000006ccb80000)
 Metaspace       used 6271K, capacity 6492K, committed 6784K, reserved 1056768K
  class space    used 701K, capacity 772K, committed 896K, reserved 1048576K
}
Event: 2.894 GC heap before
{Heap before GC invocations=13 (full 0):
 PSYoungGen      total 530432K, used 520000K [0x000000076b600000, 0x000000078cc00000, 0x00000007c0000000)
  eden space 518656K, 100% used [0x000000076b600000,0x000000078b080000,0x000000078b080000)
  from space 11776K, 11% used [0x000000078bd80000,0x000000078bed0000,0x000000078c900000)
  to   space 13312K, 0% used [0x000000078b080000,0x000000078b080000,0x000000078bd80000)
 ParOldGen       total 173568K, used 8897K [0x00000006c2200000, 0x00000006ccb80000, 0x000000076b600000)
  object space 173568K, 5% used [0x00000006c2200000,0x00000006c2ab0590,0x00000006ccb80000)
 Metaspace       used 6278K, capacity 6492K, committed 6784K, reserved 1056768K
  class space    used 701K, capacity 772K, committed 896K, reserved 1048576K
Event: 2.897 GC heap after
Heap after GC invocations=13 (full 0):
 PSYoungGen      total 531968K, used 1184K [0x000000076b600000, 0x000000078cc00000, 0x00000007c0000000)
  eden space 518656K, 0% used [0x000000076b600000,0x000000076b600000,0x000000078b080000)
  from space 13312K, 8% used [0x000000078b080000,0x000000078b1a8000,0x000000078bd80000)
  to   space 11776K, 0% used [0x000000078bd80000,0x000000078bd80000,0x000000078c900000)
 ParOldGen       total 173568K, used 8913K [0x00000006c2200000, 0x00000006ccb80000, 0x000000076b600000)
  object space 173568K, 5% used [0x00000006c2200000,0x00000006c2ab4590,0x00000006ccb80000)
 Metaspace       used 6278K, capacity 6492K, committed 6784K, reserved 1056768K
  class space    used 701K, capacity 772K, committed 896K, reserved 1048576K
}

